<?xml version="1.0" encoding="UTF-8"?>
<TestRun id="1ee195b1-3880-4192-84a5-ccd5b995fd14" name="mwReddersdo@8KKSVR1 2018-02-12 11:37:54" runUser="CORPORATE\mwReddersdo" xmlns="http://microsoft.com/schemas/VisualStudio/TeamTest/2010">
  <TestSettings name="Local" id="cef412e1-a388-41dc-8638-5803d0d69318">
    <Description>These are default test settings for a local test run.</Description>
    <Deployment enabled="false" runDeploymentRoot="mwReddersdo_8KKSVR1 2018-02-12 11_37_54">
      <DeploymentItem filename="c:\users\mwreddersdo\documents\visual studio 2010\projects\CodingExercise\CodingExercise\bin\Debug\CodingExercise.exe" />
    </Deployment>
    <Execution>
      <TestTypeSpecific />
      <AgentRule name="Execution Agents">
      </AgentRule>
    </Execution>
  </TestSettings>
  <Times creation="2018-02-12T11:37:54.6334072-05:00" queuing="2018-02-12T11:37:54.6924072-05:00" start="2018-02-12T11:37:54.6954072-05:00" finish="2018-02-12T11:37:54.9104072-05:00" />
  <ResultSummary outcome="Failed">
    <Counters total="3" executed="3" error="0" failed="1" timeout="0" aborted="0" inconclusive="2" passedButRunAborted="0" notRunnable="0" notExecuted="0" disconnected="0" warning="0" passed="0" completed="0" inProgress="0" pending="0" />
  </ResultSummary>
  <TestDefinitions>
    <UnitTest name="TransferTest" storage="c:\users\mwreddersdo\documents\visual studio 2010\projects\codingexercise\unittests\bin\debug\unittests.dll" id="1b3a2ea3-32a4-2eb1-e446-e249c88afe5f">
      <Execution id="2a5af373-2332-4840-8e1d-636924909301" />
      <TestMethod codeBase="C:/Users/mwreddersdo/documents/visual studio 2010/projects/CodingExercise/UnitTests/bin/Debug/UnitTests.DLL" adapterTypeName="Microsoft.VisualStudio.TestTools.TestTypes.Unit.UnitTestAdapter, Microsoft.VisualStudio.QualityTools.Tips.UnitTest.Adapter, Version=10.0.0.0, Culture=neutral, PublicKeyToken=b03f5f7f11d50a3a" className="UnitTests.clsAccountTest, UnitTests, Version=1.0.0.0, Culture=neutral, PublicKeyToken=null" name="TransferTest" />
    </UnitTest>
    <UnitTest name="WithdrawlTest" storage="c:\users\mwreddersdo\documents\visual studio 2010\projects\codingexercise\unittests\bin\debug\unittests.dll" id="b3f7d100-52c1-75db-e33b-36a9d998a126">
      <Execution id="da2bbd2b-9b0d-48a5-a0fe-825f4688f975" />
      <TestMethod codeBase="C:/Users/mwreddersdo/documents/visual studio 2010/projects/CodingExercise/UnitTests/bin/Debug/UnitTests.DLL" adapterTypeName="Microsoft.VisualStudio.TestTools.TestTypes.Unit.UnitTestAdapter, Microsoft.VisualStudio.QualityTools.Tips.UnitTest.Adapter, Version=10.0.0.0, Culture=neutral, PublicKeyToken=b03f5f7f11d50a3a" className="UnitTests.clsAccountTest, UnitTests, Version=1.0.0.0, Culture=neutral, PublicKeyToken=null" name="WithdrawlTest" />
    </UnitTest>
    <UnitTest name="DepositTest" storage="c:\users\mwreddersdo\documents\visual studio 2010\projects\codingexercise\unittests\bin\debug\unittests.dll" id="0f7874a0-d7bf-fd4c-9d54-f18474299de2">
      <Execution id="e9a3f842-7c83-4874-b4fb-9d2a5df98eef" />
      <TestMethod codeBase="C:/Users/mwreddersdo/documents/visual studio 2010/projects/CodingExercise/UnitTests/bin/Debug/UnitTests.DLL" adapterTypeName="Microsoft.VisualStudio.TestTools.TestTypes.Unit.UnitTestAdapter, Microsoft.VisualStudio.QualityTools.Tips.UnitTest.Adapter, Version=10.0.0.0, Culture=neutral, PublicKeyToken=b03f5f7f11d50a3a" className="UnitTests.clsAccountTest, UnitTests, Version=1.0.0.0, Culture=neutral, PublicKeyToken=null" name="DepositTest" />
    </UnitTest>
  </TestDefinitions>
  <TestLists>
    <TestList name="Results Not in a List" id="8c84fa94-04c1-424b-9868-57a2d4851a1d" />
    <TestList name="All Loaded Results" id="19431567-8539-422a-85d7-44ee4e166bda" />
  </TestLists>
  <TestEntries>
    <TestEntry testId="0f7874a0-d7bf-fd4c-9d54-f18474299de2" executionId="e9a3f842-7c83-4874-b4fb-9d2a5df98eef" testListId="8c84fa94-04c1-424b-9868-57a2d4851a1d" />
    <TestEntry testId="1b3a2ea3-32a4-2eb1-e446-e249c88afe5f" executionId="2a5af373-2332-4840-8e1d-636924909301" testListId="8c84fa94-04c1-424b-9868-57a2d4851a1d" />
    <TestEntry testId="b3f7d100-52c1-75db-e33b-36a9d998a126" executionId="da2bbd2b-9b0d-48a5-a0fe-825f4688f975" testListId="8c84fa94-04c1-424b-9868-57a2d4851a1d" />
  </TestEntries>
  <Results>
    <UnitTestResult executionId="e9a3f842-7c83-4874-b4fb-9d2a5df98eef" testId="0f7874a0-d7bf-fd4c-9d54-f18474299de2" testName="DepositTest" computerName="8KKSVR1" duration="00:00:00.0159771" startTime="2018-02-12T11:37:54.6974072-05:00" endTime="2018-02-12T11:37:54.8864072-05:00" testType="13cdc9d9-ddb5-4fa4-a97d-d965ccfc6d4b" outcome="Inconclusive" testListId="8c84fa94-04c1-424b-9868-57a2d4851a1d" relativeResultsDirectory="e9a3f842-7c83-4874-b4fb-9d2a5df98eef">
      <Output>
        <ErrorInfo>
          <Message>Assert.Inconclusive failed. Verify the correctness of this test method.</Message>
          <StackTrace>   at UnitTests.clsAccountTest.DepositTest() in C:\Users\mwreddersdo\documents\visual studio 2010\projects\CodingExercise\UnitTests\clsAccountTest.vb:line 71
</StackTrace>
        </ErrorInfo>
      </Output>
    </UnitTestResult>
    <UnitTestResult executionId="2a5af373-2332-4840-8e1d-636924909301" testId="1b3a2ea3-32a4-2eb1-e446-e249c88afe5f" testName="TransferTest" computerName="8KKSVR1" duration="00:00:00.0021854" startTime="2018-02-12T11:37:54.8874072-05:00" endTime="2018-02-12T11:37:54.8914072-05:00" testType="13cdc9d9-ddb5-4fa4-a97d-d965ccfc6d4b" outcome="Inconclusive" testListId="8c84fa94-04c1-424b-9868-57a2d4851a1d" relativeResultsDirectory="2a5af373-2332-4840-8e1d-636924909301">
      <Output>
        <ErrorInfo>
          <Message>Assert.Inconclusive failed. Verify the correctness of this test method.</Message>
          <StackTrace>   at UnitTests.clsAccountTest.TransferTest() in C:\Users\mwreddersdo\documents\visual studio 2010\projects\CodingExercise\UnitTests\clsAccountTest.vb:line 87
</StackTrace>
        </ErrorInfo>
      </Output>
    </UnitTestResult>
    <UnitTestResult executionId="da2bbd2b-9b0d-48a5-a0fe-825f4688f975" testId="b3f7d100-52c1-75db-e33b-36a9d998a126" testName="WithdrawlTest" computerName="8KKSVR1" duration="00:00:00.0075934" startTime="2018-02-12T11:37:54.8924072-05:00" endTime="2018-02-12T11:37:54.9014072-05:00" testType="13cdc9d9-ddb5-4fa4-a97d-d965ccfc6d4b" outcome="Failed" testListId="8c84fa94-04c1-424b-9868-57a2d4851a1d" relativeResultsDirectory="da2bbd2b-9b0d-48a5-a0fe-825f4688f975">
      <Output>
        <ErrorInfo>
          <Message>Assert.AreEqual failed. Expected:&lt;Successfully withdrawn.&gt;. Actual:&lt;Insufficient Funds.&gt;. </Message>
          <StackTrace>   at UnitTests.clsAccountTest.WithdrawlTest() in C:\Users\mwreddersdo\documents\visual studio 2010\projects\CodingExercise\UnitTests\clsAccountTest.vb:line 101
</StackTrace>
        </ErrorInfo>
      </Output>
    </UnitTestResult>
  </Results>
</TestRun>