<?xml version="1.0" encoding="UTF-8"?>
<TestRun id="8c311187-57f8-4350-a9bb-b1b97b314bb3" name="mwReddersdo@8KKSVR1 2017-12-26 11:06:42" runUser="CORPORATE\mwReddersdo" xmlns="http://microsoft.com/schemas/VisualStudio/TeamTest/2010">
  <TestSettings name="Local" id="cef412e1-a388-41dc-8638-5803d0d69318">
    <Description>These are default test settings for a local test run.</Description>
    <Deployment userDeploymentRoot="c:\users\mwreddersdo\documents\visual studio 2010\projects\CodingExercise\TestResults" useDefaultDeploymentRoot="false" enabled="false" runDeploymentRoot="mwReddersdo_8KKSVR1 2017-12-26 11_06_42">
      <DeploymentItem filename="c:\users\mwreddersdo\documents\visual studio 2010\projects\CodingExercise\CodingExercise\bin\Debug\CodingExercise.exe" />
    </Deployment>
    <Execution>
      <TestTypeSpecific />
      <AgentRule name="Execution Agents">
      </AgentRule>
    </Execution>
  </TestSettings>
  <Times creation="2017-12-26T11:06:42.9128287-05:00" queuing="2017-12-26T11:06:44.5239898-05:00" start="2017-12-26T11:06:44.6139988-05:00" finish="2017-12-26T11:07:06.3101682-05:00" />
  <ResultSummary outcome="Error">
    <Counters total="1" executed="1" error="0" failed="0" timeout="0" aborted="1" inconclusive="0" passedButRunAborted="0" notRunnable="0" notExecuted="0" disconnected="0" warning="0" passed="0" completed="0" inProgress="0" pending="0" />
    <RunInfos>
      <RunInfo computerName="8KKSVR1" outcome="Error" timestamp="2017-12-26T11:07:06.3091681-05:00">
        <Text>Test host process exited unexpectedly.</Text>
      </RunInfo>
    </RunInfos>
  </ResultSummary>
  <TestDefinitions>
    <UnitTest name="strBankNameTest" storage="c:\users\mwreddersdo\documents\visual studio 2010\projects\codingexercise\unittests\bin\debug\unittests.dll" id="c536e429-2ca0-e28e-e295-f7354abc8c2a">
      <Execution id="22f6442f-d7fb-4b48-be0c-998c5a828b41" />
      <TestMethod codeBase="c:/users/mwreddersdo/documents/visual studio 2010/projects/CodingExercise/UnitTests/bin/Debug/UnitTests.DLL" adapterTypeName="Microsoft.VisualStudio.TestTools.TestTypes.Unit.UnitTestAdapter, Microsoft.VisualStudio.QualityTools.Tips.UnitTest.Adapter, Version=10.0.0.0, Culture=neutral, PublicKeyToken=b03f5f7f11d50a3a" className="UnitTests.clsBankTest, UnitTests, Version=1.0.0.0, Culture=neutral, PublicKeyToken=null" name="strBankNameTest" />
    </UnitTest>
  </TestDefinitions>
  <TestLists>
    <TestList name="Results Not in a List" id="8c84fa94-04c1-424b-9868-57a2d4851a1d" />
    <TestList name="All Loaded Results" id="19431567-8539-422a-85d7-44ee4e166bda" />
  </TestLists>
  <TestEntries>
    <TestEntry testId="c536e429-2ca0-e28e-e295-f7354abc8c2a" executionId="22f6442f-d7fb-4b48-be0c-998c5a828b41" testListId="8c84fa94-04c1-424b-9868-57a2d4851a1d" />
  </TestEntries>
  <Results>
    <UnitTestResult executionId="22f6442f-d7fb-4b48-be0c-998c5a828b41" testId="c536e429-2ca0-e28e-e295-f7354abc8c2a" testName="strBankNameTest" computerName="8KKSVR1" duration="00:00:21.6011599" startTime="2017-12-26T11:06:44.7090083-05:00" endTime="2017-12-26T11:07:06.3101682-05:00" testType="13cdc9d9-ddb5-4fa4-a97d-d965ccfc6d4b" outcome="Aborted" testListId="8c84fa94-04c1-424b-9868-57a2d4851a1d" relativeResultsDirectory="22f6442f-d7fb-4b48-be0c-998c5a828b41">
    </UnitTestResult>
  </Results>
</TestRun>