<?xml version="1.0" encoding="UTF-8"?>
<TestRun id="423b7bd0-2f5e-4cfe-8cad-b02f59bbd7c2" name="mwReddersdo@8KKSVR1 2018-02-12 11:27:49" runUser="CORPORATE\mwReddersdo" xmlns="http://microsoft.com/schemas/VisualStudio/TeamTest/2010">
  <TestSettings name="Local" id="cef412e1-a388-41dc-8638-5803d0d69318">
    <Description>These are default test settings for a local test run.</Description>
    <Deployment enabled="false" runDeploymentRoot="mwReddersdo_8KKSVR1 2018-02-12 11_27_49">
      <DeploymentItem filename="c:\users\mwreddersdo\documents\visual studio 2010\projects\CodingExercise\CodingExercise\bin\Debug\CodingExercise.exe" />
    </Deployment>
    <Execution>
      <TestTypeSpecific />
      <AgentRule name="Execution Agents">
      </AgentRule>
    </Execution>
  </TestSettings>
  <Times creation="2018-02-12T11:27:49.3764072-05:00" queuing="2018-02-12T11:27:49.5324072-05:00" start="2018-02-12T11:27:49.5354072-05:00" finish="2018-02-12T11:27:49.7354072-05:00" />
  <ResultSummary outcome="Inconclusive">
    <Counters total="1" executed="1" error="0" failed="0" timeout="0" aborted="0" inconclusive="1" passedButRunAborted="0" notRunnable="0" notExecuted="0" disconnected="0" warning="0" passed="0" completed="0" inProgress="0" pending="0" />
  </ResultSummary>
  <TestDefinitions>
    <UnitTest name="DepositTest" storage="c:\users\mwreddersdo\documents\visual studio 2010\projects\codingexercise\unittests\bin\debug\unittests.dll" id="0f7874a0-d7bf-fd4c-9d54-f18474299de2">
      <Execution id="8c38e43b-10c6-46b2-9596-edf1257ff5d7" />
      <TestMethod codeBase="C:/Users/mwreddersdo/documents/visual studio 2010/projects/CodingExercise/UnitTests/bin/Debug/UnitTests.DLL" adapterTypeName="Microsoft.VisualStudio.TestTools.TestTypes.Unit.UnitTestAdapter, Microsoft.VisualStudio.QualityTools.Tips.UnitTest.Adapter, Version=10.0.0.0, Culture=neutral, PublicKeyToken=b03f5f7f11d50a3a" className="UnitTests.clsAccountTest, UnitTests, Version=1.0.0.0, Culture=neutral, PublicKeyToken=null" name="DepositTest" />
    </UnitTest>
  </TestDefinitions>
  <TestLists>
    <TestList name="Results Not in a List" id="8c84fa94-04c1-424b-9868-57a2d4851a1d" />
    <TestList name="All Loaded Results" id="19431567-8539-422a-85d7-44ee4e166bda" />
  </TestLists>
  <TestEntries>
    <TestEntry testId="0f7874a0-d7bf-fd4c-9d54-f18474299de2" executionId="8c38e43b-10c6-46b2-9596-edf1257ff5d7" testListId="8c84fa94-04c1-424b-9868-57a2d4851a1d" />
  </TestEntries>
  <Results>
    <UnitTestResult executionId="8c38e43b-10c6-46b2-9596-edf1257ff5d7" testId="0f7874a0-d7bf-fd4c-9d54-f18474299de2" testName="DepositTest" computerName="8KKSVR1" duration="00:00:00.0158787" startTime="2018-02-12T11:27:49.5384072-05:00" endTime="2018-02-12T11:27:49.7254072-05:00" testType="13cdc9d9-ddb5-4fa4-a97d-d965ccfc6d4b" outcome="Inconclusive" testListId="8c84fa94-04c1-424b-9868-57a2d4851a1d" relativeResultsDirectory="8c38e43b-10c6-46b2-9596-edf1257ff5d7">
      <Output>
        <ErrorInfo>
          <Message>Assert.Inconclusive failed. Verify the correctness of this test method.</Message>
          <StackTrace>   at UnitTests.clsAccountTest.DepositTest() in C:\Users\mwreddersdo\documents\visual studio 2010\projects\CodingExercise\UnitTests\clsAccountTest.vb:line 71
</StackTrace>
        </ErrorInfo>
      </Output>
    </UnitTestResult>
  </Results>
</TestRun>