<?xml version="1.0" encoding="UTF-8"?>
<TestRun id="7d59bef2-9a90-428f-8f87-4bfd4c500141" name="mwReddersdo@8KKSVR1 2017-12-26 11:02:45" runUser="CORPORATE\mwReddersdo" xmlns="http://microsoft.com/schemas/VisualStudio/TeamTest/2010">
  <TestSettings name="Local" id="cef412e1-a388-41dc-8638-5803d0d69318">
    <Description>These are default test settings for a local test run.</Description>
    <Deployment enabled="false" runDeploymentRoot="mwReddersdo_8KKSVR1 2017-12-26 11_02_45">
      <DeploymentItem filename="c:\users\mwreddersdo\documents\visual studio 2010\projects\CodingExercise\CodingExercise\bin\Debug\CodingExercise.exe" />
    </Deployment>
    <Execution>
      <TestTypeSpecific />
      <AgentRule name="Execution Agents">
      </AgentRule>
    </Execution>
  </TestSettings>
  <Times creation="2017-12-26T11:02:45.9841382-05:00" queuing="2017-12-26T11:02:46.0291427-05:00" start="2017-12-26T11:02:46.0341432-05:00" finish="2017-12-26T11:02:46.2331631-05:00" />
  <ResultSummary outcome="Inconclusive">
    <Counters total="1" executed="1" error="0" failed="0" timeout="0" aborted="0" inconclusive="1" passedButRunAborted="0" notRunnable="0" notExecuted="0" disconnected="0" warning="0" passed="0" completed="0" inProgress="0" pending="0" />
  </ResultSummary>
  <TestDefinitions>
    <UnitTest name="strBankNameTest" storage="c:\users\mwreddersdo\documents\visual studio 2010\projects\codingexercise\unittests\bin\debug\unittests.dll" id="c536e429-2ca0-e28e-e295-f7354abc8c2a">
      <Execution id="31861e3c-6057-47d9-83b2-593eba7c304e" />
      <TestMethod codeBase="c:/users/mwreddersdo/documents/visual studio 2010/projects/CodingExercise/UnitTests/bin/Debug/UnitTests.DLL" adapterTypeName="Microsoft.VisualStudio.TestTools.TestTypes.Unit.UnitTestAdapter, Microsoft.VisualStudio.QualityTools.Tips.UnitTest.Adapter, Version=10.0.0.0, Culture=neutral, PublicKeyToken=b03f5f7f11d50a3a" className="UnitTests.clsBankTest, UnitTests, Version=1.0.0.0, Culture=neutral, PublicKeyToken=null" name="strBankNameTest" />
    </UnitTest>
  </TestDefinitions>
  <TestLists>
    <TestList name="Results Not in a List" id="8c84fa94-04c1-424b-9868-57a2d4851a1d" />
    <TestList name="All Loaded Results" id="19431567-8539-422a-85d7-44ee4e166bda" />
  </TestLists>
  <TestEntries>
    <TestEntry testId="c536e429-2ca0-e28e-e295-f7354abc8c2a" executionId="31861e3c-6057-47d9-83b2-593eba7c304e" testListId="8c84fa94-04c1-424b-9868-57a2d4851a1d" />
  </TestEntries>
  <Results>
    <UnitTestResult executionId="31861e3c-6057-47d9-83b2-593eba7c304e" testId="c536e429-2ca0-e28e-e295-f7354abc8c2a" testName="strBankNameTest" computerName="8KKSVR1" duration="00:00:00.0169826" startTime="2017-12-26T11:02:46.0361434-05:00" endTime="2017-12-26T11:02:46.2241622-05:00" testType="13cdc9d9-ddb5-4fa4-a97d-d965ccfc6d4b" outcome="Inconclusive" testListId="8c84fa94-04c1-424b-9868-57a2d4851a1d" relativeResultsDirectory="31861e3c-6057-47d9-83b2-593eba7c304e">
      <Output>
        <ErrorInfo>
          <Message>Assert.Inconclusive failed. Verify the correctness of this test method.</Message>
          <StackTrace>   at UnitTests.clsBankTest.strBankNameTest() in c:\users\mwreddersdo\documents\visual studio 2010\projects\CodingExercise\UnitTests\clsBankTest.vb:line 68
</StackTrace>
        </ErrorInfo>
      </Output>
    </UnitTestResult>
  </Results>
</TestRun>